<?xml version="1.0" encoding="UTF-8"?>
<!-- Generated by org.testng.reporters.JUnitXMLReporter -->
<testsuite ignored="0" hostname="DESKTOP-2GVM4GL" failures="0" tests="4" name="Test" time="11.281" errors="0" timestamp="2023-06-15T17:51:03 IST">
  <testcase classname="test_class.GetTc1" name="orchestrator" time="6.163"/>
  <testcase classname="test_class.PatchTc1" name="orchestrator" time="1.155"/>
  <testcase classname="test_class.PostTc1" name="orchestrator" time="2.467"/>
  <testcase classname="test_class.PutTc1" name="orchestrator" time="1.238"/>
</testsuite> <!-- Test -->
