<?xml version="1.0" encoding="UTF-8"?>
<testng-results ignored="0" total="4" passed="4" failed="0" skipped="0">
  <reporter-output>
  </reporter-output>
  <suite started-at="2023-06-15T17:50:51 IST" name="Suite" finished-at="2023-06-15T17:51:03 IST" duration-ms="11281">
    <groups>
    </groups>
    <test started-at="2023-06-15T17:50:51 IST" name="Test" finished-at="2023-06-15T17:51:03 IST" duration-ms="11281">
      <class name="test_class.PutTc1">
        <test-method signature="orchestrator()[pri:0, instance:test_class.PutTc1@4397ad89]" started-at="2023-06-15T17:51:01 IST" name="orchestrator" finished-at="2023-06-15T17:51:03 IST" duration-ms="1238" status="PASS">
          <reporter-output>
          </reporter-output>
        </test-method> <!-- orchestrator -->
      </class> <!-- test_class.PutTc1 -->
      <class name="test_class.PostTc1">
        <test-method signature="orchestrator()[pri:0, instance:test_class.PostTc1@341814d3]" started-at="2023-06-15T17:50:59 IST" name="orchestrator" finished-at="2023-06-15T17:51:01 IST" duration-ms="2467" status="PASS">
          <reporter-output>
          </reporter-output>
        </test-method> <!-- orchestrator -->
      </class> <!-- test_class.PostTc1 -->
      <class name="test_class.GetTc1">
        <test-method signature="orchestrator()[pri:0, instance:test_class.GetTc1@479ceda0]" started-at="2023-06-15T17:50:51 IST" name="orchestrator" finished-at="2023-06-15T17:50:58 IST" duration-ms="6163" status="PASS">
          <reporter-output>
          </reporter-output>
        </test-method> <!-- orchestrator -->
      </class> <!-- test_class.GetTc1 -->
      <class name="test_class.PatchTc1">
        <test-method signature="orchestrator()[pri:0, instance:test_class.PatchTc1@3d246ea3]" started-at="2023-06-15T17:50:58 IST" name="orchestrator" finished-at="2023-06-15T17:50:59 IST" duration-ms="1155" status="PASS">
          <reporter-output>
          </reporter-output>
        </test-method> <!-- orchestrator -->
      </class> <!-- test_class.PatchTc1 -->
    </test> <!-- Test -->
  </suite> <!-- Suite -->
</testng-results>
